2022-02-27 19:11:24,077:INFO:PyCaret Supervised Module
2022-02-27 19:11:24,078:INFO:ML Usecase: anomaly
2022-02-27 19:11:24,078:INFO:version 2.2.2
2022-02-27 19:11:24,079:INFO:Initializing setup()
2022-02-27 19:11:24,079:INFO:setup(target=None, ml_usecase=anomaly, available_plots={'tsne': 'Anomaly TSnE (3d)', 'umap': 'UMAP Dimensionality'}, train_size=0.7, test_data=None, preprocess=True, imputation_type=simple, iterative_imputation_iters=5, categorical_features=['day', 'day_name', 'hour', 'is_weekday', 'day_of_year', 'week_of_year'], categorical_imputation=mode, categorical_iterative_imputer=lightgbm, ordinal_features=None, high_cardinality_features=None, high_cardinality_method=frequency, numeric_features=None, numeric_imputation=mean, numeric_iterative_imputer=lightgbm, date_features=None, ignore_features=None, normalize=False, normalize_method=zscore, transformation=False, transformation_method=yeo-johnson, handle_unknown_categorical=True, unknown_categorical_method=least_frequent, pca=False, pca_method=linear, pca_components=None, ignore_low_variance=False, combine_rare_levels=False, rare_level_threshold=0.1, bin_numeric_features=None, remove_outliers=False, outliers_threshold=0.05, remove_multicollinearity=False, multicollinearity_threshold=0.9, remove_perfect_collinearity=False, create_clusters=False, cluster_iter=20, polynomial_features=False, polynomial_degree=2, trigonometry_features=False, polynomial_threshold=0.1, group_features=None, group_names=None, feature_selection=False, feature_selection_threshold=0.8, feature_selection_method=classic, feature_interaction=False, feature_ratio=False, interaction_threshold=0.01, fix_imbalance=False, fix_imbalance_method=None, transform_target=False, transform_target_method=box-cox, data_split_shuffle=False, data_split_stratify=False, fold_strategy=kfold, fold=10, fold_shuffle=False, fold_groups=None, n_jobs=-1, use_gpu=False, custom_pipeline=None, html=True, session_id=123, log_experiment=False, experiment_name=None, log_plots=False, log_profile=False, log_data=False, silent=False, verbose=True, profile=False, profile_kwargs=None, display=None)
2022-02-27 19:11:24,079:INFO:Checking environment
2022-02-27 19:11:24,079:INFO:python_version: 3.9.7
2022-02-27 19:11:24,080:INFO:python_build: ('default', 'Sep 16 2021 08:50:36')
2022-02-27 19:11:24,081:INFO:machine: x86_64
2022-02-27 19:11:24,125:INFO:platform: macOS-10.15.7-x86_64-i386-64bit
2022-02-27 19:11:24,128:WARNING:cannot find psutil installation. memory not traceable. Install psutil using pip to enable memory logging.
2022-02-27 19:11:24,128:INFO:Checking libraries
2022-02-27 19:11:24,128:INFO:pd==1.4.1
2022-02-27 19:11:24,128:INFO:numpy==1.21.5
2022-02-27 19:11:24,129:INFO:sklearn==1.0.2
2022-02-27 19:11:24,627:INFO:xgboost==1.5.2
2022-02-27 19:11:24,627:INFO:lightgbm==3.3.2
2022-02-27 19:11:24,692:INFO:catboost==1.0.4
2022-02-27 19:11:26,155:INFO:mlflow==1.23.1
2022-02-27 19:11:26,156:INFO:Checking Exceptions
2022-02-27 19:11:26,159:INFO:Declaring global variables
2022-02-27 19:11:26,159:INFO:USI: f9be
2022-02-27 19:11:26,160:INFO:pycaret_globals: {'stratify_param', 'fold_shuffle_param', '_internal_pipeline', 'USI', 'imputation_regressor', 'html_param', 'logging_param', 'imputation_classifier', 'fold_groups_param', 'data_before_preprocess', 'seed', '_ml_usecase', 'target_param', 'X', '_all_models', 'display_container', 'transform_target_method_param', 'gpu_param', '_all_metrics', 'create_model_container', '_gpu_n_jobs_param', 'n_jobs_param', '_available_plots', 'fold_generator', 'pycaret_globals', 'iterative_imputation_iters_param', 'transform_target_param', 'log_plots_param', 'exp_name_log', 'fix_imbalance_method_param', 'experiment__', '_all_models_internal', 'fix_imbalance_param', 'fold_param', 'prep_pipe', 'master_model_container'}
2022-02-27 19:11:26,170:INFO:Preparing display monitor
2022-02-27 19:11:26,171:INFO:Preparing display monitor
2022-02-27 19:11:26,235:INFO:Importing libraries
2022-02-27 19:11:26,238:INFO:Copying data for preprocessing
2022-02-27 19:11:26,266:INFO:Declaring preprocessing parameters
2022-02-27 19:11:26,321:INFO:Creating preprocessing pipeline
2022-02-27 19:11:26,424:INFO:Preprocessing pipeline created successfully
2022-02-27 19:11:26,425:ERROR:(Process Exit): setup has been interupted with user command 'quit'. setup must rerun.
2022-02-27 19:11:26,425:INFO:Creating global containers
2022-02-27 20:06:00,756:INFO:PyCaret Supervised Module
2022-02-27 20:06:00,758:INFO:ML Usecase: anomaly
2022-02-27 20:06:00,758:INFO:version 2.2.2
2022-02-27 20:06:00,758:INFO:Initializing setup()
2022-02-27 20:06:00,758:INFO:setup(target=None, ml_usecase=anomaly, available_plots={'tsne': 'Anomaly TSnE (3d)', 'umap': 'UMAP Dimensionality'}, train_size=0.7, test_data=None, preprocess=True, imputation_type=simple, iterative_imputation_iters=5, categorical_features=None, categorical_imputation=mode, categorical_iterative_imputer=lightgbm, ordinal_features=None, high_cardinality_features=None, high_cardinality_method=frequency, numeric_features=None, numeric_imputation=mean, numeric_iterative_imputer=lightgbm, date_features=None, ignore_features=None, normalize=False, normalize_method=zscore, transformation=False, transformation_method=yeo-johnson, handle_unknown_categorical=True, unknown_categorical_method=least_frequent, pca=False, pca_method=linear, pca_components=None, ignore_low_variance=False, combine_rare_levels=False, rare_level_threshold=0.1, bin_numeric_features=None, remove_outliers=False, outliers_threshold=0.05, remove_multicollinearity=False, multicollinearity_threshold=0.9, remove_perfect_collinearity=False, create_clusters=False, cluster_iter=20, polynomial_features=False, polynomial_degree=2, trigonometry_features=False, polynomial_threshold=0.1, group_features=None, group_names=None, feature_selection=False, feature_selection_threshold=0.8, feature_selection_method=classic, feature_interaction=False, feature_ratio=False, interaction_threshold=0.01, fix_imbalance=False, fix_imbalance_method=None, transform_target=False, transform_target_method=box-cox, data_split_shuffle=False, data_split_stratify=False, fold_strategy=kfold, fold=10, fold_shuffle=False, fold_groups=None, n_jobs=-1, use_gpu=False, custom_pipeline=None, html=True, session_id=123, log_experiment=False, experiment_name=None, log_plots=False, log_profile=False, log_data=False, silent=False, verbose=True, profile=False, profile_kwargs=None, display=None)
2022-02-27 20:06:00,759:INFO:Checking environment
2022-02-27 20:06:00,759:INFO:python_version: 3.9.7
2022-02-27 20:06:00,759:INFO:python_build: ('default', 'Sep 16 2021 08:50:36')
2022-02-27 20:06:00,760:INFO:machine: x86_64
2022-02-27 20:06:00,760:INFO:platform: macOS-10.15.7-x86_64-i386-64bit
2022-02-27 20:06:00,761:WARNING:cannot find psutil installation. memory not traceable. Install psutil using pip to enable memory logging.
2022-02-27 20:06:00,761:INFO:Checking libraries
2022-02-27 20:06:00,761:INFO:pd==1.4.1
2022-02-27 20:06:00,761:INFO:numpy==1.21.5
2022-02-27 20:06:00,761:INFO:sklearn==1.0.2
2022-02-27 20:06:00,761:INFO:xgboost==1.5.2
2022-02-27 20:06:00,761:INFO:lightgbm==3.3.2
2022-02-27 20:06:00,761:INFO:catboost==1.0.4
2022-02-27 20:06:00,761:INFO:mlflow==1.23.1
2022-02-27 20:06:00,762:INFO:Checking Exceptions
2022-02-27 20:06:00,762:INFO:Declaring global variables
2022-02-27 20:06:00,762:INFO:USI: 5640
2022-02-27 20:06:00,762:INFO:pycaret_globals: {'stratify_param', 'fold_shuffle_param', '_internal_pipeline', 'USI', 'imputation_regressor', 'html_param', 'logging_param', 'imputation_classifier', 'fold_groups_param', 'data_before_preprocess', 'seed', '_ml_usecase', 'target_param', 'X', '_all_models', 'display_container', 'transform_target_method_param', 'gpu_param', '_all_metrics', 'create_model_container', '_gpu_n_jobs_param', 'n_jobs_param', '_available_plots', 'fold_generator', 'pycaret_globals', 'iterative_imputation_iters_param', 'transform_target_param', 'log_plots_param', 'exp_name_log', 'fix_imbalance_method_param', 'experiment__', '_all_models_internal', 'fix_imbalance_param', 'fold_param', 'prep_pipe', 'master_model_container'}
2022-02-27 20:06:00,763:INFO:Preparing display monitor
2022-02-27 20:06:00,763:INFO:Preparing display monitor
2022-02-27 20:06:00,773:INFO:Importing libraries
2022-02-27 20:06:00,773:INFO:Copying data for preprocessing
2022-02-27 20:06:00,794:INFO:Declaring preprocessing parameters
2022-02-27 20:06:00,813:INFO:Creating preprocessing pipeline
2022-02-27 20:06:00,882:INFO:Preprocessing pipeline created successfully
2022-02-27 20:06:00,882:ERROR:(Process Exit): setup has been interupted with user command 'quit'. setup must rerun.
2022-02-27 20:06:00,882:INFO:Creating global containers
2022-02-27 20:08:43,533:INFO:PyCaret Supervised Module
2022-02-27 20:08:43,535:INFO:ML Usecase: anomaly
2022-02-27 20:08:43,535:INFO:version 2.2.2
2022-02-27 20:08:43,535:INFO:Initializing setup()
2022-02-27 20:08:43,535:INFO:setup(target=None, ml_usecase=anomaly, available_plots={'tsne': 'Anomaly TSnE (3d)', 'umap': 'UMAP Dimensionality'}, train_size=0.7, test_data=None, preprocess=True, imputation_type=simple, iterative_imputation_iters=5, categorical_features=None, categorical_imputation=mode, categorical_iterative_imputer=lightgbm, ordinal_features=None, high_cardinality_features=None, high_cardinality_method=frequency, numeric_features=None, numeric_imputation=mean, numeric_iterative_imputer=lightgbm, date_features=None, ignore_features=None, normalize=False, normalize_method=zscore, transformation=False, transformation_method=yeo-johnson, handle_unknown_categorical=True, unknown_categorical_method=least_frequent, pca=False, pca_method=linear, pca_components=None, ignore_low_variance=False, combine_rare_levels=False, rare_level_threshold=0.1, bin_numeric_features=None, remove_outliers=False, outliers_threshold=0.05, remove_multicollinearity=False, multicollinearity_threshold=0.9, remove_perfect_collinearity=False, create_clusters=False, cluster_iter=20, polynomial_features=False, polynomial_degree=2, trigonometry_features=False, polynomial_threshold=0.1, group_features=None, group_names=None, feature_selection=False, feature_selection_threshold=0.8, feature_selection_method=classic, feature_interaction=False, feature_ratio=False, interaction_threshold=0.01, fix_imbalance=False, fix_imbalance_method=None, transform_target=False, transform_target_method=box-cox, data_split_shuffle=False, data_split_stratify=False, fold_strategy=kfold, fold=10, fold_shuffle=False, fold_groups=None, n_jobs=-1, use_gpu=False, custom_pipeline=None, html=True, session_id=None, log_experiment=False, experiment_name=None, log_plots=False, log_profile=False, log_data=False, silent=False, verbose=True, profile=False, profile_kwargs=None, display=None)
2022-02-27 20:08:43,537:INFO:Checking environment
2022-02-27 20:08:43,538:INFO:python_version: 3.9.7
2022-02-27 20:08:43,538:INFO:python_build: ('default', 'Sep 16 2021 08:50:36')
2022-02-27 20:08:43,538:INFO:machine: x86_64
2022-02-27 20:08:43,538:INFO:platform: macOS-10.15.7-x86_64-i386-64bit
2022-02-27 20:08:43,539:WARNING:cannot find psutil installation. memory not traceable. Install psutil using pip to enable memory logging.
2022-02-27 20:08:43,539:INFO:Checking libraries
2022-02-27 20:08:43,539:INFO:pd==1.4.1
2022-02-27 20:08:43,539:INFO:numpy==1.21.5
2022-02-27 20:08:43,539:INFO:sklearn==1.0.2
2022-02-27 20:08:43,539:INFO:xgboost==1.5.2
2022-02-27 20:08:43,539:INFO:lightgbm==3.3.2
2022-02-27 20:08:43,539:INFO:catboost==1.0.4
2022-02-27 20:08:43,539:INFO:mlflow==1.23.1
2022-02-27 20:08:43,540:INFO:Checking Exceptions
2022-02-27 20:08:43,540:INFO:Declaring global variables
2022-02-27 20:08:43,540:INFO:USI: 356d
2022-02-27 20:08:43,540:INFO:pycaret_globals: {'stratify_param', 'fold_shuffle_param', '_internal_pipeline', 'USI', 'imputation_regressor', 'html_param', 'logging_param', 'imputation_classifier', 'fold_groups_param', 'data_before_preprocess', 'seed', '_ml_usecase', 'target_param', 'X', '_all_models', 'display_container', 'transform_target_method_param', 'gpu_param', '_all_metrics', 'create_model_container', '_gpu_n_jobs_param', 'n_jobs_param', '_available_plots', 'fold_generator', 'pycaret_globals', 'iterative_imputation_iters_param', 'transform_target_param', 'log_plots_param', 'exp_name_log', 'fix_imbalance_method_param', 'experiment__', '_all_models_internal', 'fix_imbalance_param', 'fold_param', 'prep_pipe', 'master_model_container'}
2022-02-27 20:08:43,541:INFO:Preparing display monitor
2022-02-27 20:08:43,541:INFO:Preparing display monitor
2022-02-27 20:08:43,561:INFO:Importing libraries
2022-02-27 20:08:43,561:INFO:Copying data for preprocessing
2022-02-27 20:08:43,580:INFO:Declaring preprocessing parameters
2022-02-27 20:08:43,595:INFO:Creating preprocessing pipeline
2022-02-27 20:08:43,670:INFO:Preprocessing pipeline created successfully
2022-02-27 20:08:43,670:ERROR:(Process Exit): setup has been interupted with user command 'quit'. setup must rerun.
2022-02-27 20:08:43,670:INFO:Creating global containers
